Arguments: 
  C:\Program Files\nodejs\node.exe C:\Users\48602\AppData\Roaming\npm\node_modules\yarn\bin\yarn.js add express@4.17.1

PATH: 
  C:\Users\48602\bin;D:\programming\Git\mingw64\bin;D:\programming\Git\usr\local\bin;D:\programming\Git\usr\bin;D:\programming\Git\usr\bin;D:\programming\Git\cmd;C:\Windows\system32;C:\Windows;C:\Windows\System32\Wbem;C:\Windows\System32\WindowsPowerShell\v1.0;C:\Windows\System32\OpenSSH;C:\Program Files (x86)\NVIDIA Corporation\PhysX\Common;D:\programming\Git\cmd;C:\Program Files\dotnet;C:\Program Files\NVIDIA Corporation\NVIDIA NvDLISR;C:\Users\48602\AppData\Roaming\nvm;C:\Program Files\nodejs;C:\Users\48602\AppData\Local\Microsoft\WindowsApps;D:\programming\hyper\resources\bin;C:\Users\48602\AppData\Roaming\npm;D:\programming\Microsoft VS Code\bin;C:\Program Files\heroku\bin;C:\Users\48602\AppData\Roaming\nvm;C:\Program Files\nodejs;D:\programming\Git\usr\bin\vendor_perl;D:\programming\Git\usr\bin\core_perl

Yarn version: 
  1.22.19

Node version: 
  16.14.2

Platform: 
  win32 x64

Trace: 
  SyntaxError: D:\programming\courses\kodilla\chatApp\package.json: Unexpected end of JSON input
      at JSON.parse (<anonymous>)
      at C:\Users\48602\AppData\Roaming\npm\node_modules\yarn\lib\cli.js:1629:59
      at Generator.next (<anonymous>)
      at step (C:\Users\48602\AppData\Roaming\npm\node_modules\yarn\lib\cli.js:310:30)
      at C:\Users\48602\AppData\Roaming\npm\node_modules\yarn\lib\cli.js:321:13

npm manifest: 
  

yarn manifest: 
  No manifest

Lockfile: 
  # THIS IS AN AUTOGENERATED FILE. DO NOT EDIT THIS FILE DIRECTLY.
  # yarn lockfile v1
